GROUP,PACKAGE,CLASS,INSTRUCTION_MISSED,INSTRUCTION_COVERED,BRANCH_MISSED,BRANCH_COVERED,LINE_MISSED,LINE_COVERED,COMPLEXITY_MISSED,COMPLEXITY_COVERED,METHOD_MISSED,METHOD_COVERED
Calendar,calendar,CalendarMain,420,0,24,0,89,0,14,0,2,0
Calendar,calendar,DateOutOfRangeException,7,0,0,0,4,0,2,0,2,0
Calendar,calendar,Appt,5,340,5,27,2,90,5,41,0,30
Calendar,calendar,CalDay,34,168,8,10,10,43,10,14,3,12
Calendar,calendar,CalendarUtil,7,84,1,9,2,11,2,7,1,3
Calendar,calendar,TimeTable,104,211,25,27,26,56,19,14,0,6
